#
# There is insufficient memory for the Java Runtime Environment to continue.
# Native memory allocation (malloc) failed to allocate 2601824 bytes. Error detail: Chunk::new
# Possible reasons:
#   The system is out of physical RAM or swap space
#   This process is running with CompressedOops enabled, and the Java Heap may be blocking the growth of the native heap
# Possible solutions:
#   Reduce memory load on the system
#   Increase physical memory or swap space
#   Check if swap backing store is full
#   Decrease Java heap size (-Xmx/-Xms)
#   Decrease number of Java threads
#   Decrease Java thread stack sizes (-Xss)
#   Set larger code cache with -XX:ReservedCodeCacheSize=
#   JVM is running with Unscaled Compressed Oops mode in which the Java heap is
#     placed in the first 4GB address space. The Java Heap base address is the
#     maximum limit for the native heap growth. Please use -XX:HeapBaseMinAddress
#     to set the Java Heap base and to place the Java Heap above 4GB virtual address.
# This output file may be truncated or incomplete.
#
#  Out of Memory Error (arena.cpp:168), pid=6908, tid=15724
#
# JRE version: OpenJDK Runtime Environment Temurin-21.0.6+7 (21.0.6+7) (build 21.0.6+7-LTS)
# Java VM: OpenJDK 64-Bit Server VM Temurin-21.0.6+7 (21.0.6+7-LTS, mixed mode, sharing, tiered, compressed oops, compressed class ptrs, parallel gc, windows-amd64)
# No core dump will be written. Minidumps are not enabled by default on client versions of Windows
#

---------------  S U M M A R Y ------------

Command Line: --add-modules=ALL-SYSTEM --add-opens=java.base/java.util=ALL-UNNAMED --add-opens=java.base/java.lang=ALL-UNNAMED --add-opens=java.base/sun.nio.fs=ALL-UNNAMED -Declipse.application=org.eclipse.jdt.ls.core.id1 -Dosgi.bundles.defaultStartLevel=4 -Declipse.product=org.eclipse.jdt.ls.core.product -Djava.import.generatesMetadataFilesAtProjectRoot=false -DDetectVMInstallationsJob.disabled=true -Dfile.encoding=utf8 -XX:+UseParallelGC -XX:GCTimeRatio=4 -XX:AdaptiveSizePolicyWeight=90 -Dsun.zip.disableMemoryMapping=true -Xmx1G -Xms100m -Xlog:disable -javaagent:c:\Users\Admin\.vscode\extensions\redhat.java-1.41.0-win32-x64\lombok\lombok-1.18.36.jar -XX:+HeapDumpOnOutOfMemoryError -XX:HeapDumpPath=c:\Users\Admin\AppData\Roaming\Code\User\workspaceStorage\3bd2f60c6cbcdf5d2cf73495ba44fa48\redhat.java -Daether.dependencyCollector.impl=bf c:\Users\Admin\.vscode\extensions\redhat.java-1.41.0-win32-x64\server\plugins\org.eclipse.equinox.launcher_1.6.1100.v20250306-0509.jar -configuration c:\Users\Admin\AppData\Roaming\Code\User\globalStorage\redhat.java\1.41.0\config_win -data c:\Users\Admin\AppData\Roaming\Code\User\workspaceStorage\3bd2f60c6cbcdf5d2cf73495ba44fa48\redhat.java\jdt_ws --pipe=\\.\pipe\lsp-ce64873b2b387f80c344d09fdc1e2bae-sock

Host: Intel(R) Core(TM) i7-8665U CPU @ 1.90GHz, 8 cores, 7G,  Windows 11 , 64 bit Build 22621 (10.0.22621.4830)
Time: Tue Apr  1 19:58:34 2025 SE Asia Standard Time elapsed time: 1443.714896 seconds (0d 0h 24m 3s)

---------------  T H R E A D  ---------------

Current thread (0x000001b6eb16def0):  JavaThread "C2 CompilerThread0" daemon [_thread_in_native, id=15724, stack(0x000000276ca00000,0x000000276cb00000) (1024K)]


Current CompileTask:
C2:1443715 18997 % !   4       org.eclipse.jdt.internal.core.ClassFileInfo::generateMethodInfos @ 331 (750 bytes)

Stack: [0x000000276ca00000,0x000000276cb00000]
Native frames: (J=compiled Java code, j=interpreted, Vv=VM code, C=native code)
V  [jvm.dll+0x6cdee9]
V  [jvm.dll+0x8a83d1]
V  [jvm.dll+0x8aa8fe]
V  [jvm.dll+0x8aafe3]
V  [jvm.dll+0x27f706]
V  [jvm.dll+0xc500d]
V  [jvm.dll+0xc5543]
V  [jvm.dll+0x3b678c]
V  [jvm.dll+0x1e0009]
V  [jvm.dll+0x247b42]
V  [jvm.dll+0x246fcf]
V  [jvm.dll+0x1c75ee]
V  [jvm.dll+0x25685a]
V  [jvm.dll+0x254dfa]
V  [jvm.dll+0x3f0256]
V  [jvm.dll+0x851f8b]
V  [jvm.dll+0x6cc5ed]
C  [ucrtbase.dll+0x29333]
C  [KERNEL32.DLL+0x1259d]
C  [ntdll.dll+0x5af38]


---------------  P R O C E S S  ---------------

Threads class SMR info:
_java_thread_list=0x000001b6f8b13270, length=72, elements={
0x000001b6d6db1340, 0x000001b6eb1611f0, 0x000001b6eb162680, 0x000001b6eb168470,
0x000001b6eb1653e0, 0x000001b6eb166030, 0x000001b6eb169770, 0x000001b6eb16def0,
0x000001b6eb1711e0, 0x000001b6d6e1a400, 0x000001b6ece36c20, 0x000001b6f1966730,
0x000001b6f195d160, 0x000001b6f1a92f80, 0x000001b6f17142a0, 0x000001b6f1c34570,
0x000001b6f219c930, 0x000001b6f1e65790, 0x000001b6f1e67ef0, 0x000001b6f1e67860,
0x000001b6f43f2c30, 0x000001b6f43ed6e0, 0x000001b6f43eea90, 0x000001b6f43f0b60,
0x000001b6f43f1f10, 0x000001b6f43f25a0, 0x000001b6f43ebca0, 0x000001b6f43f11f0,
0x000001b6f43efe40, 0x000001b6f43ed050, 0x000001b6f43f1880, 0x000001b6f43ef120,
0x000001b6ece9ed70, 0x000001b6ece9b260, 0x000001b6ece9b8f0, 0x000001b6ece9bf80,
0x000001b6ece99190, 0x000001b6ece9c610, 0x000001b6ece9d330, 0x000001b6f444bee0,
0x000001b6f444a4a0, 0x000001b6f4449780, 0x000001b6f4448a60, 0x000001b6f444c570,
0x000001b6f444ab30, 0x000001b6f44490f0, 0x000001b6f444d920, 0x000001b6f44476b0,
0x000001b6ece9cca0, 0x000001b6ece9e050, 0x000001b6ece98470, 0x000001b6ece9e6e0,
0x000001b6ece97de0, 0x000001b6ece98b00, 0x000001b6ece99820, 0x000001b6ece99eb0,
0x000001b6ece9a540, 0x000001b6f43f04d0, 0x000001b6f43ec9c0, 0x000001b6f43edd70,
0x000001b6f43f32c0, 0x000001b6f43ef7b0, 0x000001b6f43ee400, 0x000001b6f1e671d0,
0x000001b6f1e68580, 0x000001b6f1e65100, 0x000001b6f1e65e20, 0x000001b6f1e664b0,
0x000001b6f444d290, 0x000001b6f9b0e9a0, 0x000001b6f9b103e0, 0x000001b6f9b11790
}

Java Threads: ( => current thread )
  0x000001b6d6db1340 JavaThread "main"                              [_thread_blocked, id=8036, stack(0x000000276c000000,0x000000276c100000) (1024K)]
  0x000001b6eb1611f0 JavaThread "Reference Handler"          daemon [_thread_blocked, id=17800, stack(0x000000276c400000,0x000000276c500000) (1024K)]
  0x000001b6eb162680 JavaThread "Finalizer"                  daemon [_thread_blocked, id=11596, stack(0x000000276c500000,0x000000276c600000) (1024K)]
  0x000001b6eb168470 JavaThread "Signal Dispatcher"          daemon [_thread_blocked, id=356, stack(0x000000276c600000,0x000000276c700000) (1024K)]
  0x000001b6eb1653e0 JavaThread "Attach Listener"            daemon [_thread_blocked, id=9996, stack(0x000000276c700000,0x000000276c800000) (1024K)]
  0x000001b6eb166030 JavaThread "Service Thread"             daemon [_thread_blocked, id=19128, stack(0x000000276c800000,0x000000276c900000) (1024K)]
  0x000001b6eb169770 JavaThread "Monitor Deflation Thread"   daemon [_thread_blocked, id=18896, stack(0x000000276c900000,0x000000276ca00000) (1024K)]
=>0x000001b6eb16def0 JavaThread "C2 CompilerThread0"         daemon [_thread_in_native, id=15724, stack(0x000000276ca00000,0x000000276cb00000) (1024K)]
  0x000001b6eb1711e0 JavaThread "C1 CompilerThread0"         daemon [_thread_blocked, id=15752, stack(0x000000276cb00000,0x000000276cc00000) (1024K)]
  0x000001b6d6e1a400 JavaThread "Common-Cleaner"             daemon [_thread_blocked, id=3512, stack(0x000000276cc00000,0x000000276cd00000) (1024K)]
  0x000001b6ece36c20 JavaThread "Notification Thread"        daemon [_thread_blocked, id=17136, stack(0x000000276cd00000,0x000000276ce00000) (1024K)]
  0x000001b6f1966730 JavaThread "Active Thread: Equinox Container: 0894dff2-c640-4f2b-962b-c88a09ea7d01"        [_thread_blocked, id=14976, stack(0x000000276d600000,0x000000276d700000) (1024K)]
  0x000001b6f195d160 JavaThread "Refresh Thread: Equinox Container: 0894dff2-c640-4f2b-962b-c88a09ea7d01" daemon [_thread_blocked, id=11536, stack(0x000000276d700000,0x000000276d800000) (1024K)]
  0x000001b6f1a92f80 JavaThread "Framework Event Dispatcher: Equinox Container: 0894dff2-c640-4f2b-962b-c88a09ea7d01" daemon [_thread_blocked, id=11712, stack(0x000000276d900000,0x000000276da00000) (1024K)]
  0x000001b6f17142a0 JavaThread "Start Level: Equinox Container: 0894dff2-c640-4f2b-962b-c88a09ea7d01" daemon [_thread_blocked, id=17004, stack(0x000000276da00000,0x000000276db00000) (1024K)]
  0x000001b6f1c34570 JavaThread "Bundle File Closer"         daemon [_thread_blocked, id=11268, stack(0x000000276db00000,0x000000276dc00000) (1024K)]
  0x000001b6f219c930 JavaThread "SCR Component Actor"        daemon [_thread_blocked, id=2732, stack(0x000000276dc00000,0x000000276dd00000) (1024K)]
  0x000001b6f1e65790 JavaThread "Worker-JM"                         [_thread_blocked, id=15436, stack(0x000000276d400000,0x000000276d500000) (1024K)]
  0x000001b6f1e67ef0 JavaThread "JNA Cleaner"                daemon [_thread_blocked, id=12704, stack(0x000000276dd00000,0x000000276de00000) (1024K)]
  0x000001b6f1e67860 JavaThread "Java indexing"              daemon [_thread_in_native, id=2904, stack(0x000000276e100000,0x000000276e200000) (1024K)]
  0x000001b6f43f2c30 JavaThread "Thread-2"                   daemon [_thread_in_native, id=17144, stack(0x000000276e600000,0x000000276e700000) (1024K)]
  0x000001b6f43ed6e0 JavaThread "Thread-3"                   daemon [_thread_in_native, id=3124, stack(0x000000276e700000,0x000000276e800000) (1024K)]
  0x000001b6f43eea90 JavaThread "Thread-4"                   daemon [_thread_in_native, id=7800, stack(0x000000276e800000,0x000000276e900000) (1024K)]
  0x000001b6f43f0b60 JavaThread "Thread-5"                   daemon [_thread_in_native, id=7200, stack(0x000000276e900000,0x000000276ea00000) (1024K)]
  0x000001b6f43f1f10 JavaThread "Thread-6"                   daemon [_thread_in_native, id=16904, stack(0x000000276ea00000,0x000000276eb00000) (1024K)]
  0x000001b6f43f25a0 JavaThread "Thread-7"                   daemon [_thread_in_native, id=17736, stack(0x000000276eb00000,0x000000276ec00000) (1024K)]
  0x000001b6f43ebca0 JavaThread "Thread-8"                   daemon [_thread_in_native, id=8764, stack(0x000000276ec00000,0x000000276ed00000) (1024K)]
  0x000001b6f43f11f0 JavaThread "Thread-9"                   daemon [_thread_in_native, id=4208, stack(0x000000276ed00000,0x000000276ee00000) (1024K)]
  0x000001b6f43efe40 JavaThread "Thread-10"                  daemon [_thread_in_native, id=7428, stack(0x000000276ee00000,0x000000276ef00000) (1024K)]
  0x000001b6f43ed050 JavaThread "pool-2-thread-1"                   [_thread_blocked, id=17700, stack(0x000000276ef00000,0x000000276f000000) (1024K)]
  0x000001b6f43f1880 JavaThread "WorkspaceEventsHandler"            [_thread_blocked, id=11056, stack(0x000000276f000000,0x000000276f100000) (1024K)]
  0x000001b6f43ef120 JavaThread "pool-1-thread-1"                   [_thread_blocked, id=18812, stack(0x000000276f100000,0x000000276f200000) (1024K)]
  0x000001b6ece9ed70 JavaThread "Cleaner-0"                  daemon [_thread_blocked, id=8248, stack(0x0000002770e00000,0x0000002770f00000) (1024K)]
  0x000001b6ece9b260 JavaThread "Java Debug Server"          daemon [_thread_in_native, id=19120, stack(0x000000276be00000,0x000000276bf00000) (1024K)]
  0x000001b6ece9b8f0 JavaThread "pool-5-thread-1"                   [_thread_in_native, id=6748, stack(0x000000276f500000,0x000000276f600000) (1024K)]
  0x000001b6ece9bf80 JavaThread "RxSchedulerPurge-1"         daemon [_thread_blocked, id=11924, stack(0x0000002770200000,0x0000002770300000) (1024K)]
  0x000001b6ece99190 JavaThread "RxCachedWorkerPoolEvictor-1" daemon [_thread_blocked, id=13504, stack(0x0000002770f00000,0x0000002771000000) (1024K)]
  0x000001b6ece9c610 JavaThread "RxNewThreadScheduler-1"     daemon [_thread_blocked, id=6180, stack(0x0000002771000000,0x0000002771100000) (1024K)]
  0x000001b6ece9d330 JavaThread "process reaper (pid 2008)"  daemon [_thread_in_native, id=12892, stack(0x000000276b9b0000,0x000000276b9d0000) (128K)]
  0x000001b6f444bee0 JavaThread "Worker-11"                         [_thread_blocked, id=17428, stack(0x000000276df00000,0x000000276e000000) (1024K)]
  0x000001b6f444a4a0 JavaThread "Worker-14"                         [_thread_blocked, id=11824, stack(0x000000276d500000,0x000000276d600000) (1024K)]
  0x000001b6f4449780 JavaThread "ForkJoinPool.commonPool-worker-10" daemon [_thread_in_Java, id=17632, stack(0x000000276de00000,0x000000276df00000) (1024K)]
  0x000001b6f4448a60 JavaThread "ForkJoinPool.commonPool-worker-11" daemon [_thread_blocked, id=17084, stack(0x000000276e000000,0x000000276e100000) (1024K)]
  0x000001b6f444c570 JavaThread "ForkJoinPool.commonPool-worker-12" daemon [_thread_blocked, id=14712, stack(0x000000276e300000,0x000000276e400000) (1024K)]
  0x000001b6f444ab30 JavaThread "ForkJoinPool.commonPool-worker-13" daemon [_thread_blocked, id=1628, stack(0x000000276e400000,0x000000276e500000) (1024K)]
  0x000001b6f44490f0 JavaThread "ForkJoinPool.commonPool-worker-14" daemon [_thread_blocked, id=17908, stack(0x000000276f200000,0x000000276f300000) (1024K)]
  0x000001b6f444d920 JavaThread "ForkJoinPool.commonPool-worker-16" daemon [_thread_blocked, id=9676, stack(0x000000276f300000,0x000000276f400000) (1024K)]
  0x000001b6f44476b0 JavaThread "ForkJoinPool.commonPool-worker-15" daemon [_thread_blocked, id=16604, stack(0x000000276f400000,0x000000276f500000) (1024K)]
  0x000001b6ece9cca0 JavaThread "Worker-15: Java indexing... "        [_thread_blocked, id=17960, stack(0x000000276bd00000,0x000000276be00000) (1024K)]
  0x000001b6ece9e050 JavaThread "Compiler Source File Reader" daemon [_thread_blocked, id=18404, stack(0x000000276f900000,0x000000276fa00000) (1024K)]
  0x000001b6ece98470 JavaThread "Compiler Processing Task"   daemon [_thread_blocked, id=17892, stack(0x000000276fa00000,0x000000276fb00000) (1024K)]
  0x000001b6ece9e6e0 JavaThread "Worker-16"                         [_thread_blocked, id=14304, stack(0x000000276f800000,0x000000276f900000) (1024K)]
  0x000001b6ece97de0 JavaThread "Compiler Source File Reader" daemon [_thread_blocked, id=12736, stack(0x000000276fd00000,0x000000276fe00000) (1024K)]
  0x000001b6ece98b00 JavaThread "Compiler Source File Reader" daemon [_thread_blocked, id=12276, stack(0x000000276fe00000,0x000000276ff00000) (1024K)]
  0x000001b6ece99820 JavaThread "LocalFile Deleter"          daemon [_thread_blocked, id=10704, stack(0x000000276ff00000,0x0000002770000000) (1024K)]
  0x000001b6ece99eb0 JavaThread "LocalFile Deleter"          daemon [_thread_blocked, id=18484, stack(0x0000002770000000,0x0000002770100000) (1024K)]
  0x000001b6ece9a540 JavaThread "LocalFile Deleter"          daemon [_thread_blocked, id=17208, stack(0x0000002770100000,0x0000002770200000) (1024K)]
  0x000001b6f43f04d0 JavaThread "LocalFile Deleter"          daemon [_thread_blocked, id=6664, stack(0x0000002770300000,0x0000002770400000) (1024K)]
  0x000001b6f43ec9c0 JavaThread "LocalFile Deleter"          daemon [_thread_blocked, id=676, stack(0x0000002770400000,0x0000002770500000) (1024K)]
  0x000001b6f43edd70 JavaThread "LocalFile Deleter"          daemon [_thread_blocked, id=14112, stack(0x0000002770500000,0x0000002770600000) (1024K)]
  0x000001b6f43f32c0 JavaThread "LocalFile Deleter"          daemon [_thread_blocked, id=756, stack(0x0000002770600000,0x0000002770700000) (1024K)]
  0x000001b6f43ef7b0 JavaThread "LocalFile Deleter"          daemon [_thread_blocked, id=18092, stack(0x0000002770700000,0x0000002770800000) (1024K)]
  0x000001b6f43ee400 JavaThread "Compiler Source File Reader" daemon [_thread_blocked, id=9168, stack(0x0000002770800000,0x0000002770900000) (1024K)]
  0x000001b6f1e671d0 JavaThread "Compiler Source File Reader" daemon [_thread_blocked, id=19016, stack(0x0000002770900000,0x0000002770a00000) (1024K)]
  0x000001b6f1e68580 JavaThread "Compiler Source File Reader" daemon [_thread_blocked, id=1336, stack(0x0000002770a00000,0x0000002770b00000) (1024K)]
  0x000001b6f1e65100 JavaThread "Worker-17"                         [_thread_blocked, id=5672, stack(0x0000002770b00000,0x0000002770c00000) (1024K)]
  0x000001b6f1e65e20 JavaThread "Compiler Class File Writer" daemon [_thread_blocked, id=14744, stack(0x0000002770c00000,0x0000002770d00000) (1024K)]
  0x000001b6f1e664b0 JavaThread "Compiler Class File Writer" daemon [_thread_blocked, id=16268, stack(0x0000002770d00000,0x0000002770e00000) (1024K)]
  0x000001b6f444d290 JavaThread "Compiler Class File Writer" daemon [_thread_blocked, id=14364, stack(0x0000002771100000,0x0000002771200000) (1024K)]
  0x000001b6f9b0e9a0 JavaThread "Compiler Class File Writer" daemon [_thread_blocked, id=18376, stack(0x0000002771200000,0x0000002771300000) (1024K)]
  0x000001b6f9b103e0 JavaThread "Compiler Class File Writer" daemon [_thread_blocked, id=3524, stack(0x0000002771300000,0x0000002771400000) (1024K)]
  0x000001b6f9b11790 JavaThread "Compiler Class File Writer" daemon [_thread_blocked, id=5108, stack(0x0000002771400000,0x0000002771500000) (1024K)]
Total: 72

Other Threads:
  0x000001b6d4a7ee00 VMThread "VM Thread"                           [id=17108, stack(0x000000276c300000,0x000000276c400000) (1024K)]
  0x000001b6eb07ca00 WatcherThread "VM Periodic Task Thread"        [id=1704, stack(0x000000276c200000,0x000000276c300000) (1024K)]
  0x000001b6d4a7f540 WorkerThread "GC Thread#0"                     [id=17424, stack(0x000000276c100000,0x000000276c200000) (1024K)]
  0x000001b6d4a7f8e0 WorkerThread "GC Thread#1"                     [id=13856, stack(0x000000276ce00000,0x000000276cf00000) (1024K)]
  0x000001b6d4a7e6c0 WorkerThread "GC Thread#2"                     [id=1280, stack(0x000000276cf00000,0x000000276d000000) (1024K)]
  0x000001b6d4a7fc80 WorkerThread "GC Thread#3"                     [id=11588, stack(0x000000276d000000,0x000000276d100000) (1024K)]
  0x000001b6f16a4440 WorkerThread "GC Thread#4"                     [id=8488, stack(0x000000276d100000,0x000000276d200000) (1024K)]
  0x000001b6f16a2ae0 WorkerThread "GC Thread#5"                     [id=18308, stack(0x000000276d200000,0x000000276d300000) (1024K)]
  0x000001b6f16a4b80 WorkerThread "GC Thread#6"                     [id=17104, stack(0x000000276d300000,0x000000276d400000) (1024K)]
  0x000001b6f16a40a0 WorkerThread "GC Thread#7"                     [id=15820, stack(0x000000276d800000,0x000000276d900000) (1024K)]
Total: 10

Threads with active compile tasks:
C2 CompilerThread0  1443776 18997 % !   4       org.eclipse.jdt.internal.core.ClassFileInfo::generateMethodInfos @ 331 (750 bytes)
Total: 1

VM state: not at safepoint (normal execution)

VM Mutex/Monitor currently owned by a thread: None

Heap address: 0x00000000c0000000, size: 1024 MB, Compressed Oops mode: 32-bit

CDS archive(s) mapped at: [0x000001b680000000-0x000001b680ba0000-0x000001b680ba0000), size 12189696, SharedBaseAddress: 0x000001b680000000, ArchiveRelocationMode: 1.
Compressed class space mapped at: 0x000001b681000000-0x000001b6c1000000, reserved size: 1073741824
Narrow klass base: 0x000001b680000000, Narrow klass shift: 0, Narrow klass range: 0x100000000

GC Precious Log:
 CardTable entry size: 512
 CPUs: 8 total, 8 available
 Memory: 8002M
 Large Page Support: Disabled
 NUMA Support: Disabled
 Compressed Oops: Enabled (32-bit)
 Alignments: Space 512K, Generation 512K, Heap 2M
 Heap Min Capacity: 100M
 Heap Initial Capacity: 100M
 Heap Max Capacity: 1G
 Pre-touch: Disabled
 Parallel Workers: 8

Heap:
 PSYoungGen      total 9728K, used 6933K [0x00000000eab00000, 0x00000000eb500000, 0x0000000100000000)
  eden space 9216K, 72% used [0x00000000eab00000,0x00000000eb17d730,0x00000000eb400000)
  from space 512K, 56% used [0x00000000eb480000,0x00000000eb4c8000,0x00000000eb500000)
  to   space 512K, 0% used [0x00000000eb400000,0x00000000eb400000,0x00000000eb480000)
 ParOldGen       total 592896K, used 592743K [0x00000000c0000000, 0x00000000e4300000, 0x00000000eab00000)
  object space 592896K, 99% used [0x00000000c0000000,0x00000000e42d9d68,0x00000000e4300000)
 Metaspace       used 85304K, committed 87104K, reserved 1179648K
  class space    used 8733K, committed 9536K, reserved 1048576K

Card table byte_map: [0x000001b6d6760000,0x000001b6d6970000] _byte_map_base: 0x000001b6d6160000

Marking Bits: (ParMarkBitMap*) 0x00007ffdbe163260
 Begin Bits: [0x000001b6e8fa0000, 0x000001b6e9fa0000)
 End Bits:   [0x000001b6e9fa0000, 0x000001b6eafa0000)

Polling page: 0x000001b6d4da0000

Metaspace:

Usage:
  Non-class:     74.78 MB used.
      Class:      8.53 MB used.
       Both:     83.31 MB used.

Virtual space:
  Non-class space:      128.00 MB reserved,      75.75 MB ( 59%) committed,  2 nodes.
      Class space:        1.00 GB reserved,       9.31 MB ( <1%) committed,  1 nodes.
             Both:        1.12 GB reserved,      85.06 MB (  7%) committed. 

Chunk freelists:
   Non-Class:  3.91 MB
       Class:  6.72 MB
        Both:  10.63 MB

MaxMetaspaceSize: unlimited
CompressedClassSpaceSize: 1.00 GB
Initial GC threshold: 21.00 MB
Current GC threshold: 106.81 MB
CDS: on
 - commit_granule_bytes: 65536.
 - commit_granule_words: 8192.
 - virtual_space_node_default_size: 8388608.
 - enlarge_chunks_in_place: 1.
 - use_allocation_guard: 0.


Internal statistics:

num_allocs_failed_limit: 21.
num_arena_births: 1648.
num_arena_deaths: 16.
num_vsnodes_births: 3.
num_vsnodes_deaths: 0.
num_space_committed: 1361.
num_space_uncommitted: 0.
num_chunks_returned_to_freelist: 37.
num_chunks_taken_from_freelist: 5726.
num_chunk_merges: 27.
num_chunk_splits: 3460.
num_chunks_enlarged: 1860.
num_inconsistent_stats: 0.

CodeHeap 'non-profiled nmethods': size=120000Kb used=16747Kb max_used=16747Kb free=103252Kb
 bounds [0x000001b6e1a70000, 0x000001b6e2ad0000, 0x000001b6e8fa0000]
CodeHeap 'profiled nmethods': size=120000Kb used=40686Kb max_used=40686Kb free=79313Kb
 bounds [0x000001b6d9fa0000, 0x000001b6dc760000, 0x000001b6e14d0000]
CodeHeap 'non-nmethods': size=5760Kb used=1525Kb max_used=1632Kb free=4234Kb
 bounds [0x000001b6e14d0000, 0x000001b6e1740000, 0x000001b6e1a70000]
 total_blobs=17736 nmethods=16885 adapters=754
 compilation: enabled
              stopped_count=0, restarted_count=0
 full_count=0

Compilation events (20 events):
Event: 1443.038 Thread 0x000001b6f4dd46e0 19006   !   4       org.eclipse.jdt.internal.core.OverflowingLRUCache::makeSpace (139 bytes)
Event: 1443.039 Thread 0x000001b6f4dd46e0 nmethod 19006 0x000001b6e2ac5810 code [0x000001b6e2ac59a0, 0x000001b6e2ac5a88]
Event: 1443.092 Thread 0x000001b6eb1711e0 19007       3       org.eclipse.jdt.internal.core.ClassFileInfo::generateStandardAnnotation (51 bytes)
Event: 1443.092 Thread 0x000001b6eb1711e0 nmethod 19007 0x000001b6dc757890 code [0x000001b6dc757aa0, 0x000001b6dc7580e0]
Event: 1443.188 Thread 0x000001b6f4dd46e0 19008       4       org.eclipse.jdt.internal.core.JavaProject::getClasspathEntryFor (79 bytes)
Event: 1443.267 Thread 0x000001b6f4dd46e0 nmethod 19008 0x000001b6e2ac5b90 code [0x000001b6e2ac5e60, 0x000001b6e2ac7718]
Event: 1443.477 Thread 0x000001b6f4dd46e0 19009       4       org.eclipse.jdt.internal.compiler.classfmt.MethodInfo::initialize (35 bytes)
Event: 1443.541 Thread 0x000001b6f4dd46e0 nmethod 19009 0x000001b6e2ac8690 code [0x000001b6e2ac8960, 0x000001b6e2ac99a8]
Event: 1443.541 Thread 0x000001b6f4dd46e0 19010       4       jdk.internal.perf.PerfCounter::addElapsedTimeFrom (10 bytes)
Event: 1443.547 Thread 0x000001b6f4dd46e0 nmethod 19010 0x000001b6e2aca310 code [0x000001b6e2aca4a0, 0x000001b6e2aca730]
Event: 1443.646 Thread 0x000001b6eb1711e0 19011       3       org.eclipse.jdt.internal.compiler.parser.Parser::consumeForceNoDiet (11 bytes)
Event: 1443.646 Thread 0x000001b6eb1711e0 nmethod 19011 0x000001b6dc758390 code [0x000001b6dc758520, 0x000001b6dc758630]
Event: 1443.646 Thread 0x000001b6eb1711e0 19012       3       org.eclipse.jdt.internal.compiler.parser.Parser::consumeRestoreDiet (11 bytes)
Event: 1443.647 Thread 0x000001b6eb1711e0 nmethod 19012 0x000001b6dc758710 code [0x000001b6dc7588a0, 0x000001b6dc7589b0]
Event: 1443.647 Thread 0x000001b6eb1711e0 19014       3       org.eclipse.jdt.internal.compiler.parser.Parser::consumeLocalVariableDeclarationStatement (375 bytes)
Event: 1443.650 Thread 0x000001b6eb1711e0 nmethod 19014 0x000001b6dc758a90 code [0x000001b6dc758e00, 0x000001b6dc75a7e8]
Event: 1443.650 Thread 0x000001b6eb1711e0 19013       3       org.eclipse.jdt.internal.compiler.parser.Parser::consumeExitVariableWithInitialization (74 bytes)
Event: 1443.650 Thread 0x000001b6eb1711e0 nmethod 19013 0x000001b6dc75b210 code [0x000001b6dc75b3e0, 0x000001b6dc75b780]
Event: 1443.650 Thread 0x000001b6eb1711e0 19015       1       org.eclipse.jdt.internal.compiler.ast.AbstractMethodDeclaration::isDefaultConstructor (2 bytes)
Event: 1443.650 Thread 0x000001b6eb1711e0 nmethod 19015 0x000001b6e2aca990 code [0x000001b6e2acab20, 0x000001b6e2acabe8]

GC Heap History (20 events):
Event: 1442.969 GC heap after
{Heap after GC invocations=1716 (full 4):
 PSYoungGen      total 8192K, used 256K [0x00000000eab00000, 0x00000000eb400000, 0x0000000100000000)
  eden space 7680K, 0% used [0x00000000eab00000,0x00000000eab00000,0x00000000eb280000)
  from space 512K, 50% used [0x00000000eb380000,0x00000000eb3c0000,0x00000000eb400000)
  to   space 512K, 0% used [0x00000000eb300000,0x00000000eb300000,0x00000000eb380000)
 ParOldGen       total 591872K, used 591799K [0x00000000c0000000, 0x00000000e4200000, 0x00000000eab00000)
  object space 591872K, 99% used [0x00000000c0000000,0x00000000e41ede38,0x00000000e4200000)
 Metaspace       used 85303K, committed 87104K, reserved 1179648K
  class space    used 8733K, committed 9536K, reserved 1048576K
}
Event: 1443.024 GC heap before
{Heap before GC invocations=1717 (full 4):
 PSYoungGen      total 8192K, used 7570K [0x00000000eab00000, 0x00000000eb400000, 0x0000000100000000)
  eden space 7680K, 95% used [0x00000000eab00000,0x00000000eb224930,0x00000000eb280000)
  from space 512K, 50% used [0x00000000eb380000,0x00000000eb3c0000,0x00000000eb400000)
  to   space 512K, 0% used [0x00000000eb300000,0x00000000eb300000,0x00000000eb380000)
 ParOldGen       total 591872K, used 591799K [0x00000000c0000000, 0x00000000e4200000, 0x00000000eab00000)
  object space 591872K, 99% used [0x00000000c0000000,0x00000000e41ede38,0x00000000e4200000)
 Metaspace       used 85303K, committed 87104K, reserved 1179648K
  class space    used 8733K, committed 9536K, reserved 1048576K
}
Event: 1443.037 GC heap after
{Heap after GC invocations=1717 (full 4):
 PSYoungGen      total 8192K, used 256K [0x00000000eab00000, 0x00000000eb400000, 0x0000000100000000)
  eden space 7680K, 0% used [0x00000000eab00000,0x00000000eab00000,0x00000000eb280000)
  from space 512K, 50% used [0x00000000eb300000,0x00000000eb340000,0x00000000eb380000)
  to   space 512K, 0% used [0x00000000eb380000,0x00000000eb380000,0x00000000eb400000)
 ParOldGen       total 591872K, used 591863K [0x00000000c0000000, 0x00000000e4200000, 0x00000000eab00000)
  object space 591872K, 99% used [0x00000000c0000000,0x00000000e41fde38,0x00000000e4200000)
 Metaspace       used 85303K, committed 87104K, reserved 1179648K
  class space    used 8733K, committed 9536K, reserved 1048576K
}
Event: 1443.080 GC heap before
{Heap before GC invocations=1718 (full 4):
 PSYoungGen      total 8192K, used 7790K [0x00000000eab00000, 0x00000000eb400000, 0x0000000100000000)
  eden space 7680K, 98% used [0x00000000eab00000,0x00000000eb25bbe8,0x00000000eb280000)
  from space 512K, 50% used [0x00000000eb300000,0x00000000eb340000,0x00000000eb380000)
  to   space 512K, 0% used [0x00000000eb380000,0x00000000eb380000,0x00000000eb400000)
 ParOldGen       total 591872K, used 591863K [0x00000000c0000000, 0x00000000e4200000, 0x00000000eab00000)
  object space 591872K, 99% used [0x00000000c0000000,0x00000000e41fde38,0x00000000e4200000)
 Metaspace       used 85303K, committed 87104K, reserved 1179648K
  class space    used 8733K, committed 9536K, reserved 1048576K
}
Event: 1443.084 GC heap after
{Heap after GC invocations=1718 (full 4):
 PSYoungGen      total 8192K, used 256K [0x00000000eab00000, 0x00000000eb400000, 0x0000000100000000)
  eden space 7680K, 0% used [0x00000000eab00000,0x00000000eab00000,0x00000000eb280000)
  from space 512K, 50% used [0x00000000eb380000,0x00000000eb3c0000,0x00000000eb400000)
  to   space 512K, 0% used [0x00000000eb300000,0x00000000eb300000,0x00000000eb380000)
 ParOldGen       total 592384K, used 591943K [0x00000000c0000000, 0x00000000e4280000, 0x00000000eab00000)
  object space 592384K, 99% used [0x00000000c0000000,0x00000000e4211e38,0x00000000e4280000)
 Metaspace       used 85303K, committed 87104K, reserved 1179648K
  class space    used 8733K, committed 9536K, reserved 1048576K
}
Event: 1443.118 GC heap before
{Heap before GC invocations=1719 (full 4):
 PSYoungGen      total 8192K, used 7936K [0x00000000eab00000, 0x00000000eb400000, 0x0000000100000000)
  eden space 7680K, 100% used [0x00000000eab00000,0x00000000eb280000,0x00000000eb280000)
  from space 512K, 50% used [0x00000000eb380000,0x00000000eb3c0000,0x00000000eb400000)
  to   space 512K, 0% used [0x00000000eb300000,0x00000000eb300000,0x00000000eb380000)
 ParOldGen       total 592384K, used 591943K [0x00000000c0000000, 0x00000000e4280000, 0x00000000eab00000)
  object space 592384K, 99% used [0x00000000c0000000,0x00000000e4211e38,0x00000000e4280000)
 Metaspace       used 85303K, committed 87104K, reserved 1179648K
  class space    used 8733K, committed 9536K, reserved 1048576K
}
Event: 1443.126 GC heap after
{Heap after GC invocations=1719 (full 4):
 PSYoungGen      total 8192K, used 256K [0x00000000eab00000, 0x00000000eb400000, 0x0000000100000000)
  eden space 7680K, 0% used [0x00000000eab00000,0x00000000eab00000,0x00000000eb280000)
  from space 512K, 50% used [0x00000000eb300000,0x00000000eb340000,0x00000000eb380000)
  to   space 512K, 0% used [0x00000000eb380000,0x00000000eb380000,0x00000000eb400000)
 ParOldGen       total 592384K, used 592039K [0x00000000c0000000, 0x00000000e4280000, 0x00000000eab00000)
  object space 592384K, 99% used [0x00000000c0000000,0x00000000e4229e38,0x00000000e4280000)
 Metaspace       used 85303K, committed 87104K, reserved 1179648K
  class space    used 8733K, committed 9536K, reserved 1048576K
}
Event: 1443.168 GC heap before
{Heap before GC invocations=1720 (full 4):
 PSYoungGen      total 8192K, used 7691K [0x00000000eab00000, 0x00000000eb400000, 0x0000000100000000)
  eden space 7680K, 96% used [0x00000000eab00000,0x00000000eb242d98,0x00000000eb280000)
  from space 512K, 50% used [0x00000000eb300000,0x00000000eb340000,0x00000000eb380000)
  to   space 512K, 0% used [0x00000000eb380000,0x00000000eb380000,0x00000000eb400000)
 ParOldGen       total 592384K, used 592039K [0x00000000c0000000, 0x00000000e4280000, 0x00000000eab00000)
  object space 592384K, 99% used [0x00000000c0000000,0x00000000e4229e38,0x00000000e4280000)
 Metaspace       used 85303K, committed 87104K, reserved 1179648K
  class space    used 8733K, committed 9536K, reserved 1048576K
}
Event: 1443.181 GC heap after
{Heap after GC invocations=1720 (full 4):
 PSYoungGen      total 8192K, used 256K [0x00000000eab00000, 0x00000000eb400000, 0x0000000100000000)
  eden space 7680K, 0% used [0x00000000eab00000,0x00000000eab00000,0x00000000eb280000)
  from space 512K, 50% used [0x00000000eb380000,0x00000000eb3c0000,0x00000000eb400000)
  to   space 512K, 0% used [0x00000000eb300000,0x00000000eb300000,0x00000000eb380000)
 ParOldGen       total 592384K, used 592174K [0x00000000c0000000, 0x00000000e4280000, 0x00000000eab00000)
  object space 592384K, 99% used [0x00000000c0000000,0x00000000e424ba30,0x00000000e4280000)
 Metaspace       used 85303K, committed 87104K, reserved 1179648K
  class space    used 8733K, committed 9536K, reserved 1048576K
}
Event: 1443.212 GC heap before
{Heap before GC invocations=1721 (full 4):
 PSYoungGen      total 8192K, used 7778K [0x00000000eab00000, 0x00000000eb400000, 0x0000000100000000)
  eden space 7680K, 97% used [0x00000000eab00000,0x00000000eb258980,0x00000000eb280000)
  from space 512K, 50% used [0x00000000eb380000,0x00000000eb3c0000,0x00000000eb400000)
  to   space 512K, 0% used [0x00000000eb300000,0x00000000eb300000,0x00000000eb380000)
 ParOldGen       total 592384K, used 592174K [0x00000000c0000000, 0x00000000e4280000, 0x00000000eab00000)
  object space 592384K, 99% used [0x00000000c0000000,0x00000000e424ba30,0x00000000e4280000)
 Metaspace       used 85303K, committed 87104K, reserved 1179648K
  class space    used 8733K, committed 9536K, reserved 1048576K
}
Event: 1443.240 GC heap after
{Heap after GC invocations=1721 (full 4):
 PSYoungGen      total 8704K, used 224K [0x00000000eab00000, 0x00000000eb500000, 0x0000000100000000)
  eden space 8192K, 0% used [0x00000000eab00000,0x00000000eab00000,0x00000000eb300000)
  from space 512K, 43% used [0x00000000eb300000,0x00000000eb338000,0x00000000eb380000)
  to   space 512K, 0% used [0x00000000eb480000,0x00000000eb480000,0x00000000eb500000)
 ParOldGen       total 592384K, used 592238K [0x00000000c0000000, 0x00000000e4280000, 0x00000000eab00000)
  object space 592384K, 99% used [0x00000000c0000000,0x00000000e425ba30,0x00000000e4280000)
 Metaspace       used 85303K, committed 87104K, reserved 1179648K
  class space    used 8733K, committed 9536K, reserved 1048576K
}
Event: 1443.291 GC heap before
{Heap before GC invocations=1722 (full 4):
 PSYoungGen      total 8704K, used 8378K [0x00000000eab00000, 0x00000000eb500000, 0x0000000100000000)
  eden space 8192K, 99% used [0x00000000eab00000,0x00000000eb2f6b70,0x00000000eb300000)
  from space 512K, 43% used [0x00000000eb300000,0x00000000eb338000,0x00000000eb380000)
  to   space 512K, 0% used [0x00000000eb480000,0x00000000eb480000,0x00000000eb500000)
 ParOldGen       total 592384K, used 592238K [0x00000000c0000000, 0x00000000e4280000, 0x00000000eab00000)
  object space 592384K, 99% used [0x00000000c0000000,0x00000000e425ba30,0x00000000e4280000)
 Metaspace       used 85303K, committed 87104K, reserved 1179648K
  class space    used 8733K, committed 9536K, reserved 1048576K
}
Event: 1443.296 GC heap after
{Heap after GC invocations=1722 (full 4):
 PSYoungGen      total 9728K, used 256K [0x00000000eab00000, 0x00000000eb600000, 0x0000000100000000)
  eden space 9216K, 0% used [0x00000000eab00000,0x00000000eab00000,0x00000000eb400000)
  from space 512K, 50% used [0x00000000eb480000,0x00000000eb4c0000,0x00000000eb500000)
  to   space 512K, 0% used [0x00000000eb400000,0x00000000eb400000,0x00000000eb480000)
 ParOldGen       total 592384K, used 592334K [0x00000000c0000000, 0x00000000e4280000, 0x00000000eab00000)
  object space 592384K, 99% used [0x00000000c0000000,0x00000000e4273a30,0x00000000e4280000)
 Metaspace       used 85303K, committed 87104K, reserved 1179648K
  class space    used 8733K, committed 9536K, reserved 1048576K
}
Event: 1443.455 GC heap before
{Heap before GC invocations=1723 (full 4):
 PSYoungGen      total 9728K, used 8823K [0x00000000eab00000, 0x00000000eb600000, 0x0000000100000000)
  eden space 9216K, 92% used [0x00000000eab00000,0x00000000eb35ddb0,0x00000000eb400000)
  from space 512K, 50% used [0x00000000eb480000,0x00000000eb4c0000,0x00000000eb500000)
  to   space 512K, 0% used [0x00000000eb400000,0x00000000eb400000,0x00000000eb480000)
 ParOldGen       total 592384K, used 592334K [0x00000000c0000000, 0x00000000e4280000, 0x00000000eab00000)
  object space 592384K, 99% used [0x00000000c0000000,0x00000000e4273a30,0x00000000e4280000)
 Metaspace       used 85303K, committed 87104K, reserved 1179648K
  class space    used 8733K, committed 9536K, reserved 1048576K
}
Event: 1443.463 GC heap after
{Heap after GC invocations=1723 (full 4):
 PSYoungGen      total 9728K, used 320K [0x00000000eab00000, 0x00000000eb500000, 0x0000000100000000)
  eden space 9216K, 0% used [0x00000000eab00000,0x00000000eab00000,0x00000000eb400000)
  from space 512K, 62% used [0x00000000eb400000,0x00000000eb450000,0x00000000eb480000)
  to   space 512K, 0% used [0x00000000eb480000,0x00000000eb480000,0x00000000eb500000)
 ParOldGen       total 592896K, used 592406K [0x00000000c0000000, 0x00000000e4300000, 0x00000000eab00000)
  object space 592896K, 99% used [0x00000000c0000000,0x00000000e4285a30,0x00000000e4300000)
 Metaspace       used 85303K, committed 87104K, reserved 1179648K
  class space    used 8733K, committed 9536K, reserved 1048576K
}
Event: 1443.500 GC heap before
{Heap before GC invocations=1724 (full 4):
 PSYoungGen      total 9728K, used 8943K [0x00000000eab00000, 0x00000000eb500000, 0x0000000100000000)
  eden space 9216K, 93% used [0x00000000eab00000,0x00000000eb36bf50,0x00000000eb400000)
  from space 512K, 62% used [0x00000000eb400000,0x00000000eb450000,0x00000000eb480000)
  to   space 512K, 0% used [0x00000000eb480000,0x00000000eb480000,0x00000000eb500000)
 ParOldGen       total 592896K, used 592406K [0x00000000c0000000, 0x00000000e4300000, 0x00000000eab00000)
  object space 592896K, 99% used [0x00000000c0000000,0x00000000e4285a30,0x00000000e4300000)
 Metaspace       used 85303K, committed 87104K, reserved 1179648K
  class space    used 8733K, committed 9536K, reserved 1048576K
}
Event: 1443.505 GC heap after
{Heap after GC invocations=1724 (full 4):
 PSYoungGen      total 9728K, used 224K [0x00000000eab00000, 0x00000000eb500000, 0x0000000100000000)
  eden space 9216K, 0% used [0x00000000eab00000,0x00000000eab00000,0x00000000eb400000)
  from space 512K, 43% used [0x00000000eb480000,0x00000000eb4b8000,0x00000000eb500000)
  to   space 512K, 0% used [0x00000000eb400000,0x00000000eb400000,0x00000000eb480000)
 ParOldGen       total 592896K, used 592535K [0x00000000c0000000, 0x00000000e4300000, 0x00000000eab00000)
  object space 592896K, 99% used [0x00000000c0000000,0x00000000e42a5d68,0x00000000e4300000)
 Metaspace       used 85303K, committed 87104K, reserved 1179648K
  class space    used 8733K, committed 9536K, reserved 1048576K
}
Event: 1443.563 GC heap before
{Heap before GC invocations=1725 (full 4):
 PSYoungGen      total 9728K, used 9440K [0x00000000eab00000, 0x00000000eb500000, 0x0000000100000000)
  eden space 9216K, 100% used [0x00000000eab00000,0x00000000eb400000,0x00000000eb400000)
  from space 512K, 43% used [0x00000000eb480000,0x00000000eb4b8000,0x00000000eb500000)
  to   space 512K, 0% used [0x00000000eb400000,0x00000000eb400000,0x00000000eb480000)
 ParOldGen       total 592896K, used 592535K [0x00000000c0000000, 0x00000000e4300000, 0x00000000eab00000)
  object space 592896K, 99% used [0x00000000c0000000,0x00000000e42a5d68,0x00000000e4300000)
 Metaspace       used 85303K, committed 87104K, reserved 1179648K
  class space    used 8733K, committed 9536K, reserved 1048576K
}
Event: 1443.566 GC heap after
{Heap after GC invocations=1725 (full 4):
 PSYoungGen      total 9728K, used 224K [0x00000000eab00000, 0x00000000eb500000, 0x0000000100000000)
  eden space 9216K, 0% used [0x00000000eab00000,0x00000000eab00000,0x00000000eb400000)
  from space 512K, 43% used [0x00000000eb400000,0x00000000eb438000,0x00000000eb480000)
  to   space 512K, 0% used [0x00000000eb480000,0x00000000eb480000,0x00000000eb500000)
 ParOldGen       total 592896K, used 592631K [0x00000000c0000000, 0x00000000e4300000, 0x00000000eab00000)
  object space 592896K, 99% used [0x00000000c0000000,0x00000000e42bdd68,0x00000000e4300000)
 Metaspace       used 85303K, committed 87104K, reserved 1179648K
  class space    used 8733K, committed 9536K, reserved 1048576K
}
Event: 1443.708 GC heap before
{Heap before GC invocations=1726 (full 4):
 PSYoungGen      total 9728K, used 8749K [0x00000000eab00000, 0x00000000eb500000, 0x0000000100000000)
  eden space 9216K, 92% used [0x00000000eab00000,0x00000000eb353560,0x00000000eb400000)
  from space 512K, 43% used [0x00000000eb400000,0x00000000eb438000,0x00000000eb480000)
  to   space 512K, 0% used [0x00000000eb480000,0x00000000eb480000,0x00000000eb500000)
 ParOldGen       total 592896K, used 592631K [0x00000000c0000000, 0x00000000e4300000, 0x00000000eab00000)
  object space 592896K, 99% used [0x00000000c0000000,0x00000000e42bdd68,0x00000000e4300000)
 Metaspace       used 85304K, committed 87104K, reserved 1179648K
  class space    used 8733K, committed 9536K, reserved 1048576K
}

Dll operation events (12 events):
Event: 0.016 Loaded shared library c:\Users\Admin\.vscode\extensions\redhat.java-1.41.0-win32-x64\jre\21.0.6-win32-x86_64\bin\java.dll
Event: 0.202 Loaded shared library c:\Users\Admin\.vscode\extensions\redhat.java-1.41.0-win32-x64\jre\21.0.6-win32-x86_64\bin\zip.dll
Event: 0.244 Loaded shared library C:\Users\Admin\.vscode\extensions\redhat.java-1.41.0-win32-x64\jre\21.0.6-win32-x86_64\bin\instrument.dll
Event: 0.253 Loaded shared library C:\Users\Admin\.vscode\extensions\redhat.java-1.41.0-win32-x64\jre\21.0.6-win32-x86_64\bin\net.dll
Event: 0.256 Loaded shared library C:\Users\Admin\.vscode\extensions\redhat.java-1.41.0-win32-x64\jre\21.0.6-win32-x86_64\bin\nio.dll
Event: 0.262 Loaded shared library C:\Users\Admin\.vscode\extensions\redhat.java-1.41.0-win32-x64\jre\21.0.6-win32-x86_64\bin\zip.dll
Event: 0.297 Loaded shared library C:\Users\Admin\.vscode\extensions\redhat.java-1.41.0-win32-x64\jre\21.0.6-win32-x86_64\bin\jimage.dll
Event: 0.671 Loaded shared library c:\Users\Admin\.vscode\extensions\redhat.java-1.41.0-win32-x64\jre\21.0.6-win32-x86_64\bin\verify.dll
Event: 4.012 Loaded shared library C:\Users\Admin\AppData\Roaming\Code\User\globalStorage\redhat.java\1.41.0\config_win\org.eclipse.equinox.launcher\org.eclipse.equinox.launcher.win32.win32.x86_64_1.2.1300.v20250325-0811\eclipse_11911.dll
Event: 7.969 Loaded shared library C:\Users\Admin\AppData\Local\Temp\jna-63116079\jna4217612002428206346.dll
Event: 93.643 Loaded shared library C:\Users\Admin\.vscode\extensions\redhat.java-1.41.0-win32-x64\jre\21.0.6-win32-x86_64\bin\extnet.dll
Event: 1380.379 Loaded shared library C:\Users\Admin\.vscode\extensions\redhat.java-1.41.0-win32-x64\jre\21.0.6-win32-x86_64\bin\sunmscapi.dll

Deoptimization events (20 events):
Event: 1441.179 Thread 0x000001b6f4449780 DEOPT PACKING pc=0x000001b6dab5ed44 sp=0x000000276defcd40
Event: 1441.179 Thread 0x000001b6f4449780 DEOPT UNPACKING pc=0x000001b6e1524242 sp=0x000000276defc1c0 mode 0
Event: 1441.258 Thread 0x000001b6f4449780 Uncommon trap: trap_request=0xffffff45 fr.pc=0x000001b6e287b3b4 relative=0x0000000000000274
Event: 1441.258 Thread 0x000001b6f4449780 Uncommon trap: reason=unstable_if action=reinterpret pc=0x000001b6e287b3b4 method=org.eclipse.jdt.internal.core.JavaElement.equals(Ljava/lang/Object;)Z @ 50 c2
Event: 1441.258 Thread 0x000001b6f4449780 DEOPT PACKING pc=0x000001b6e287b3b4 sp=0x000000276defcc90
Event: 1441.258 Thread 0x000001b6f4449780 DEOPT UNPACKING pc=0x000001b6e1523aa2 sp=0x000000276defcc18 mode 2
Event: 1441.258 Thread 0x000001b6f4449780 DEOPT PACKING pc=0x000001b6dab5ed44 sp=0x000000276defcd40
Event: 1441.258 Thread 0x000001b6f4449780 DEOPT UNPACKING pc=0x000001b6e1524242 sp=0x000000276defc1c0 mode 0
Event: 1441.369 Thread 0x000001b6f4449780 DEOPT PACKING pc=0x000001b6dab5ed44 sp=0x000000276defcd80
Event: 1441.369 Thread 0x000001b6f4449780 DEOPT UNPACKING pc=0x000001b6e1524242 sp=0x000000276defc200 mode 0
Event: 1441.470 Thread 0x000001b6f4449780 DEOPT PACKING pc=0x000001b6dab5ed44 sp=0x000000276defcd80
Event: 1441.470 Thread 0x000001b6f4449780 DEOPT UNPACKING pc=0x000001b6e1524242 sp=0x000000276defc200 mode 0
Event: 1442.256 Thread 0x000001b6f4449780 Uncommon trap: trap_request=0xffffff45 fr.pc=0x000001b6e22fc1a8 relative=0x0000000000000628
Event: 1442.256 Thread 0x000001b6f4449780 Uncommon trap: reason=unstable_if action=reinterpret pc=0x000001b6e22fc1a8 method=org.eclipse.jdt.internal.compiler.classfmt.TypeAnnotationInfo.<init>([B[IIZZ)V @ 25 c2
Event: 1442.256 Thread 0x000001b6f4449780 DEOPT PACKING pc=0x000001b6e22fc1a8 sp=0x000000276defcc60
Event: 1442.256 Thread 0x000001b6f4449780 DEOPT UNPACKING pc=0x000001b6e1523aa2 sp=0x000000276defcc18 mode 2
Event: 1443.621 Thread 0x000001b6f1e67860 Uncommon trap: trap_request=0xffffff45 fr.pc=0x000001b6e1dd4824 relative=0x0000000000000104
Event: 1443.621 Thread 0x000001b6f1e67860 Uncommon trap: reason=unstable_if action=reinterpret pc=0x000001b6e1dd4824 method=org.eclipse.jdt.internal.core.search.matching.MethodDeclarationPattern.getTypeErasure([C)[C @ 9 c2
Event: 1443.621 Thread 0x000001b6f1e67860 DEOPT PACKING pc=0x000001b6e1dd4824 sp=0x000000276e1fed40
Event: 1443.621 Thread 0x000001b6f1e67860 DEOPT UNPACKING pc=0x000001b6e1523aa2 sp=0x000000276e1fecb0 mode 2

Classes loaded (20 events):
Event: 1396.884 Loading class java/util/stream/ReduceOps$CountingSink done
Event: 1396.884 Loading class java/util/stream/ReduceOps$CountingSink$OfRef done
Event: 1396.917 Loading class jdk/internal/module/IllegalAccessLogger
Event: 1396.917 Loading class jdk/internal/module/IllegalAccessLogger done
Event: 1397.013 Loading class java/util/concurrent/ConcurrentHashMap$TreeNode
Event: 1397.013 Loading class java/util/concurrent/ConcurrentHashMap$TreeNode done
Event: 1397.013 Loading class java/util/concurrent/ConcurrentHashMap$TreeBin
Event: 1397.014 Loading class java/util/concurrent/ConcurrentHashMap$TreeBin done
Event: 1397.170 Loading class java/nio/BufferMismatch
Event: 1397.171 Loading class java/nio/BufferMismatch done
Event: 1431.606 Loading class jdk/internal/module/IllegalAccessLogger
Event: 1431.606 Loading class jdk/internal/module/IllegalAccessLogger done
Event: 1431.628 Loading class java/util/ArrayDeque$DeqSpliterator
Event: 1431.632 Loading class java/util/ArrayDeque$DeqSpliterator done
Event: 1433.085 Loading class jdk/internal/module/IllegalAccessLogger
Event: 1433.085 Loading class jdk/internal/module/IllegalAccessLogger done
Event: 1437.258 Loading class jdk/internal/module/IllegalAccessLogger
Event: 1437.258 Loading class jdk/internal/module/IllegalAccessLogger done
Event: 1439.133 Loading class jdk/internal/module/IllegalAccessLogger
Event: 1439.133 Loading class jdk/internal/module/IllegalAccessLogger done

Classes unloaded (8 events):
Event: 10.471 Thread 0x000001b6d4a7ee00 Unloading class 0x000001b681196400 'java/lang/invoke/LambdaForm$MH+0x000001b681196400'
Event: 10.471 Thread 0x000001b6d4a7ee00 Unloading class 0x000001b681196000 'java/lang/invoke/LambdaForm$MH+0x000001b681196000'
Event: 10.471 Thread 0x000001b6d4a7ee00 Unloading class 0x000001b681195c00 'java/lang/invoke/LambdaForm$MH+0x000001b681195c00'
Event: 10.471 Thread 0x000001b6d4a7ee00 Unloading class 0x000001b681195800 'java/lang/invoke/LambdaForm$MH+0x000001b681195800'
Event: 10.471 Thread 0x000001b6d4a7ee00 Unloading class 0x000001b681195400 'java/lang/invoke/LambdaForm$BMH+0x000001b681195400'
Event: 10.471 Thread 0x000001b6d4a7ee00 Unloading class 0x000001b681195000 'java/lang/invoke/LambdaForm$DMH+0x000001b681195000'
Event: 10.471 Thread 0x000001b6d4a7ee00 Unloading class 0x000001b681193c00 'java/lang/invoke/LambdaForm$DMH+0x000001b681193c00'
Event: 65.039 Thread 0x000001b6d4a7ee00 Unloading class 0x000001b6816ac800 'java/lang/invoke/LambdaForm$DMH+0x000001b6816ac800'

Classes redefined (0 events):
No events

Internal exceptions (20 events):
Event: 1433.560 Thread 0x000001b6ece9cca0 Exception <a 'sun/nio/fs/WindowsException'{0x00000000ead6f280}> (0x00000000ead6f280) 
thrown [s\src\hotspot\share\prims\jni.cpp, line 520]
Event: 1433.576 Thread 0x000001b6ece9cca0 Exception <a 'sun/nio/fs/WindowsException'{0x00000000ead71980}> (0x00000000ead71980) 
thrown [s\src\hotspot\share\prims\jni.cpp, line 520]
Event: 1433.586 Thread 0x000001b6ece9cca0 Exception <a 'sun/nio/fs/WindowsException'{0x00000000ead731f0}> (0x00000000ead731f0) 
thrown [s\src\hotspot\share\prims\jni.cpp, line 520]
Event: 1433.597 Thread 0x000001b6ece9cca0 Exception <a 'sun/nio/fs/WindowsException'{0x00000000ead74990}> (0x00000000ead74990) 
thrown [s\src\hotspot\share\prims\jni.cpp, line 520]
Event: 1433.609 Thread 0x000001b6ece9cca0 Exception <a 'sun/nio/fs/WindowsException'{0x00000000ead76160}> (0x00000000ead76160) 
thrown [s\src\hotspot\share\prims\jni.cpp, line 520]
Event: 1433.613 Thread 0x000001b6ece9cca0 Exception <a 'sun/nio/fs/WindowsException'{0x00000000ead778f8}> (0x00000000ead778f8) 
thrown [s\src\hotspot\share\prims\jni.cpp, line 520]
Event: 1433.617 Thread 0x000001b6ece9cca0 Exception <a 'sun/nio/fs/WindowsException'{0x00000000ead79078}> (0x00000000ead79078) 
thrown [s\src\hotspot\share\prims\jni.cpp, line 520]
Event: 1433.626 Thread 0x000001b6ece9cca0 Exception <a 'sun/nio/fs/WindowsException'{0x00000000ead7f1a0}> (0x00000000ead7f1a0) 
thrown [s\src\hotspot\share\prims\jni.cpp, line 520]
Event: 1433.630 Thread 0x000001b6ece9cca0 Exception <a 'sun/nio/fs/WindowsException'{0x00000000ead809e0}> (0x00000000ead809e0) 
thrown [s\src\hotspot\share\prims\jni.cpp, line 520]
Event: 1433.634 Thread 0x000001b6ece9cca0 Exception <a 'sun/nio/fs/WindowsException'{0x00000000ead82170}> (0x00000000ead82170) 
thrown [s\src\hotspot\share\prims\jni.cpp, line 520]
Event: 1433.647 Thread 0x000001b6ece9cca0 Exception <a 'sun/nio/fs/WindowsException'{0x00000000ead839b0}> (0x00000000ead839b0) 
thrown [s\src\hotspot\share\prims\jni.cpp, line 520]
Event: 1433.652 Thread 0x000001b6ece9cca0 Exception <a 'sun/nio/fs/WindowsException'{0x00000000ead85228}> (0x00000000ead85228) 
thrown [s\src\hotspot\share\prims\jni.cpp, line 520]
Event: 1433.657 Thread 0x000001b6ece9cca0 Exception <a 'sun/nio/fs/WindowsException'{0x00000000ead86a38}> (0x00000000ead86a38) 
thrown [s\src\hotspot\share\prims\jni.cpp, line 520]
Event: 1433.660 Thread 0x000001b6ece9cca0 Exception <a 'sun/nio/fs/WindowsException'{0x00000000ead88298}> (0x00000000ead88298) 
thrown [s\src\hotspot\share\prims\jni.cpp, line 520]
Event: 1435.655 Thread 0x000001b6f1e65100 Exception <a 'java/lang/NoSuchMethodError'{0x00000000eaecb328}: 'void java.lang.invoke.DirectMethodHandle$Holder.invokeVirtual(java.lang.Object, java.lang.Object, java.lang.Object, java.lang.Object, java.lang.Object)'> (0x00000000eaecb328) 
thrown [s\src\hotspot\share\interpreter\linkResolver.cpp, line 773]
Event: 1438.848 Thread 0x000001b6f1e67860 Exception <a 'sun/nio/fs/WindowsException'{0x00000000eac967c0}> (0x00000000eac967c0) 
thrown [s\src\hotspot\share\prims\jni.cpp, line 520]
Event: 1439.350 Thread 0x000001b6f44476b0 Implicit null exception at 0x000001b6e2965cf9 to 0x000001b6e296901c
Event: 1440.140 Thread 0x000001b6f4449780 Exception <a 'java/lang/ArrayIndexOutOfBoundsException'{0x00000000eac38430}: Index 365 out of bounds for length 365> (0x00000000eac38430) 
thrown [s\src\hotspot\share\interpreter\interpreterRuntime.cpp, line 439]
Event: 1440.303 Thread 0x000001b6f4449780 Implicit null exception at 0x000001b6e294b6a0 to 0x000001b6e294bee4
Event: 1443.610 Thread 0x000001b6f1e67860 Exception <a 'sun/nio/fs/WindowsException'{0x00000000eadb23e0}> (0x00000000eadb23e0) 
thrown [s\src\hotspot\share\prims\jni.cpp, line 520]

ZGC Phase Switch (0 events):
No events

VM Operations (20 events):
Event: 1442.969 Executing VM operation: ParallelGCFailedAllocation (Allocation Failure) done
Event: 1443.024 Executing VM operation: ParallelGCFailedAllocation (Allocation Failure)
Event: 1443.037 Executing VM operation: ParallelGCFailedAllocation (Allocation Failure) done
Event: 1443.080 Executing VM operation: ParallelGCFailedAllocation (Allocation Failure)
Event: 1443.084 Executing VM operation: ParallelGCFailedAllocation (Allocation Failure) done
Event: 1443.118 Executing VM operation: ParallelGCFailedAllocation (Allocation Failure)
Event: 1443.126 Executing VM operation: ParallelGCFailedAllocation (Allocation Failure) done
Event: 1443.168 Executing VM operation: ParallelGCFailedAllocation (Allocation Failure)
Event: 1443.181 Executing VM operation: ParallelGCFailedAllocation (Allocation Failure) done
Event: 1443.212 Executing VM operation: ParallelGCFailedAllocation (Allocation Failure)
Event: 1443.240 Executing VM operation: ParallelGCFailedAllocation (Allocation Failure) done
Event: 1443.291 Executing VM operation: ParallelGCFailedAllocation (Allocation Failure)
Event: 1443.296 Executing VM operation: ParallelGCFailedAllocation (Allocation Failure) done
Event: 1443.455 Executing VM operation: ParallelGCFailedAllocation (Allocation Failure)
Event: 1443.463 Executing VM operation: ParallelGCFailedAllocation (Allocation Failure) done
Event: 1443.500 Executing VM operation: ParallelGCFailedAllocation (Allocation Failure)
Event: 1443.505 Executing VM operation: ParallelGCFailedAllocation (Allocation Failure) done
Event: 1443.563 Executing VM operation: ParallelGCFailedAllocation (Allocation Failure)
Event: 1443.566 Executing VM operation: ParallelGCFailedAllocation (Allocation Failure) done
Event: 1443.708 Executing VM operation: ParallelGCFailedAllocation (Allocation Failure)

Memory protections (0 events):
No events

Nmethod flushes (20 events):
Event: 65.108 Thread 0x000001b6d4a7ee00 flushing  nmethod 0x000001b6db210710
Event: 65.108 Thread 0x000001b6d4a7ee00 flushing  nmethod 0x000001b6db210b90
Event: 65.108 Thread 0x000001b6d4a7ee00 flushing  nmethod 0x000001b6db210e90
Event: 65.108 Thread 0x000001b6d4a7ee00 flushing  nmethod 0x000001b6db212210
Event: 65.108 Thread 0x000001b6d4a7ee00 flushing  nmethod 0x000001b6db212910
Event: 65.108 Thread 0x000001b6d4a7ee00 flushing  nmethod 0x000001b6db212d90
Event: 65.108 Thread 0x000001b6d4a7ee00 flushing  nmethod 0x000001b6db214d10
Event: 65.108 Thread 0x000001b6d4a7ee00 flushing  nmethod 0x000001b6db215a90
Event: 65.108 Thread 0x000001b6d4a7ee00 flushing  nmethod 0x000001b6db219b10
Event: 65.108 Thread 0x000001b6d4a7ee00 flushing  nmethod 0x000001b6db228590
Event: 65.108 Thread 0x000001b6d4a7ee00 flushing  nmethod 0x000001b6db22b410
Event: 65.108 Thread 0x000001b6d4a7ee00 flushing  nmethod 0x000001b6db256510
Event: 65.108 Thread 0x000001b6d4a7ee00 flushing  nmethod 0x000001b6db26ee10
Event: 65.108 Thread 0x000001b6d4a7ee00 flushing  nmethod 0x000001b6db283d90
Event: 65.108 Thread 0x000001b6d4a7ee00 flushing  nmethod 0x000001b6db2a8a10
Event: 65.108 Thread 0x000001b6d4a7ee00 flushing  nmethod 0x000001b6db2c8c90
Event: 65.108 Thread 0x000001b6d4a7ee00 flushing  nmethod 0x000001b6db2ec890
Event: 65.108 Thread 0x000001b6d4a7ee00 flushing  nmethod 0x000001b6db362390
Event: 65.108 Thread 0x000001b6d4a7ee00 flushing  nmethod 0x000001b6db371110
Event: 65.108 Thread 0x000001b6d4a7ee00 flushing  nmethod 0x000001b6db37d610

Events (20 events):
Event: 1431.677 Thread 0x000001b6f444a4a0 Thread added: 0x000001b6f1e65100
Event: 1431.804 Thread 0x000001b6ece9cca0 Thread added: 0x000001b6f1e65e20
Event: 1431.852 Thread 0x000001b6ece9cca0 Thread added: 0x000001b6f1e664b0
Event: 1431.852 Thread 0x000001b6ece9cca0 Thread added: 0x000001b6f444d290
Event: 1431.853 Thread 0x000001b6ece9cca0 Thread added: 0x000001b6f9b0e9a0
Event: 1431.853 Thread 0x000001b6ece9cca0 Thread added: 0x000001b6f9b103e0
Event: 1431.854 Thread 0x000001b6ece9cca0 Thread added: 0x000001b6f9b11790
Event: 1432.945 Thread 0x000001b6f4c163d0 Thread exited: 0x000001b6f4c163d0
Event: 1433.229 Thread 0x000001b6eb16def0 Thread added: 0x000001b6f4c163d0
Event: 1433.664 Thread 0x000001b6f4c163d0 Thread exited: 0x000001b6f4c163d0
Event: 1435.374 Thread 0x000001b6eb1711e0 Thread added: 0x000001b6f4dd5480
Event: 1436.503 Thread 0x000001b6f4dd5480 Thread exited: 0x000001b6f4dd5480
Event: 1436.598 Thread 0x000001b6eb16def0 Thread added: 0x000001b6f4dd4db0
Event: 1436.874 Thread 0x000001b6f4dd4db0 Thread exited: 0x000001b6f4dd4db0
Event: 1437.322 Thread 0x000001b6eb1711e0 Thread added: 0x000001b6f4dd5480
Event: 1439.013 Thread 0x000001b6f4dd5480 Thread exited: 0x000001b6f4dd5480
Event: 1439.216 Thread 0x000001b6eb16def0 Thread added: 0x000001b6f4dd1060
Event: 1441.963 Thread 0x000001b6f4dd1060 Thread exited: 0x000001b6f4dd1060
Event: 1442.895 Thread 0x000001b6eb1711e0 Thread added: 0x000001b6f4dd46e0
Event: 1443.648 Thread 0x000001b6f4dd46e0 Thread exited: 0x000001b6f4dd46e0


Dynamic libraries:
0x00007ff6e17d0000 - 0x00007ff6e17de000 	c:\Users\Admin\.vscode\extensions\redhat.java-1.41.0-win32-x64\jre\21.0.6-win32-x86_64\bin\java.exe
0x00007ffe228b0000 - 0x00007ffe22ac7000 	C:\WINDOWS\SYSTEM32\ntdll.dll
0x00007ffe21e20000 - 0x00007ffe21ee4000 	C:\WINDOWS\System32\KERNEL32.DLL
0x00007ffe201d0000 - 0x00007ffe205a0000 	C:\WINDOWS\System32\KERNELBASE.dll
0x00007ffe1fdf0000 - 0x00007ffe1ff01000 	C:\WINDOWS\System32\ucrtbase.dll
0x00007ffe0b9c0000 - 0x00007ffe0b9de000 	c:\Users\Admin\.vscode\extensions\redhat.java-1.41.0-win32-x64\jre\21.0.6-win32-x86_64\bin\VCRUNTIME140.dll
0x00007ffe0ba80000 - 0x00007ffe0ba98000 	c:\Users\Admin\.vscode\extensions\redhat.java-1.41.0-win32-x64\jre\21.0.6-win32-x86_64\bin\jli.dll
0x00007ffe209b0000 - 0x00007ffe20b5e000 	C:\WINDOWS\System32\USER32.dll
0x00007ffdfd160000 - 0x00007ffdfd3f2000 	C:\WINDOWS\WinSxS\amd64_microsoft.windows.common-controls_6595b64144ccf1df_6.0.22621.4830_none_270fe7d773858e80\COMCTL32.dll
0x00007ffe1fdc0000 - 0x00007ffe1fde6000 	C:\WINDOWS\System32\win32u.dll
0x00007ffe21a60000 - 0x00007ffe21a89000 	C:\WINDOWS\System32\GDI32.dll
0x00007ffe219b0000 - 0x00007ffe21a57000 	C:\WINDOWS\System32\msvcrt.dll
0x00007ffe1fca0000 - 0x00007ffe1fdbb000 	C:\WINDOWS\System32\gdi32full.dll
0x00007ffe200b0000 - 0x00007ffe2014a000 	C:\WINDOWS\System32\msvcp_win.dll
0x00007ffe20740000 - 0x00007ffe20771000 	C:\WINDOWS\System32\IMM32.DLL
0x00007ffe0c1b0000 - 0x00007ffe0c1bc000 	c:\Users\Admin\.vscode\extensions\redhat.java-1.41.0-win32-x64\jre\21.0.6-win32-x86_64\bin\vcruntime140_1.dll
0x00007ffddfc60000 - 0x00007ffddfced000 	c:\Users\Admin\.vscode\extensions\redhat.java-1.41.0-win32-x64\jre\21.0.6-win32-x86_64\bin\msvcp140.dll
0x00007ffdbd4b0000 - 0x00007ffdbe240000 	c:\Users\Admin\.vscode\extensions\redhat.java-1.41.0-win32-x64\jre\21.0.6-win32-x86_64\bin\server\jvm.dll
0x00007ffe21810000 - 0x00007ffe218c1000 	C:\WINDOWS\System32\ADVAPI32.dll
0x00007ffe22070000 - 0x00007ffe22117000 	C:\WINDOWS\System32\sechost.dll
0x00007ffe1ff10000 - 0x00007ffe1ff38000 	C:\WINDOWS\System32\bcrypt.dll
0x00007ffe20be0000 - 0x00007ffe20cf4000 	C:\WINDOWS\System32\RPCRT4.dll
0x00007ffe205a0000 - 0x00007ffe20611000 	C:\WINDOWS\System32\WS2_32.dll
0x00007ffe1f880000 - 0x00007ffe1f8cd000 	C:\WINDOWS\SYSTEM32\POWRPROF.dll
0x00007ffe1b4e0000 - 0x00007ffe1b4ea000 	C:\WINDOWS\SYSTEM32\VERSION.dll
0x00007ffe1b2b0000 - 0x00007ffe1b2e4000 	C:\WINDOWS\SYSTEM32\WINMM.dll
0x00007ffe1f860000 - 0x00007ffe1f873000 	C:\WINDOWS\SYSTEM32\UMPDC.dll
0x00007ffe1eba0000 - 0x00007ffe1ebb8000 	C:\WINDOWS\SYSTEM32\kernel.appcore.dll
0x00007ffe0c100000 - 0x00007ffe0c10a000 	c:\Users\Admin\.vscode\extensions\redhat.java-1.41.0-win32-x64\jre\21.0.6-win32-x86_64\bin\jimage.dll
0x00007ffe1c9d0000 - 0x00007ffe1cc02000 	C:\WINDOWS\SYSTEM32\DBGHELP.DLL
0x00007ffe21a90000 - 0x00007ffe21e20000 	C:\WINDOWS\System32\combase.dll
0x00007ffe218d0000 - 0x00007ffe219a7000 	C:\WINDOWS\System32\OLEAUT32.dll
0x00007ffe137c0000 - 0x00007ffe137f2000 	C:\WINDOWS\SYSTEM32\dbgcore.DLL
0x00007ffe1fb60000 - 0x00007ffe1fbdb000 	C:\WINDOWS\System32\bcryptPrimitives.dll
0x00007ffe0b820000 - 0x00007ffe0b82f000 	c:\Users\Admin\.vscode\extensions\redhat.java-1.41.0-win32-x64\jre\21.0.6-win32-x86_64\bin\instrument.dll
0x00007ffe0b6d0000 - 0x00007ffe0b6ef000 	c:\Users\Admin\.vscode\extensions\redhat.java-1.41.0-win32-x64\jre\21.0.6-win32-x86_64\bin\java.dll
0x00007ffe20d10000 - 0x00007ffe21588000 	C:\WINDOWS\System32\SHELL32.dll
0x00007ffe1dab0000 - 0x00007ffe1e3c0000 	C:\WINDOWS\SYSTEM32\windows.storage.dll
0x00007ffe1d970000 - 0x00007ffe1daaf000 	C:\WINDOWS\SYSTEM32\wintypes.dll
0x00007ffe21700000 - 0x00007ffe2180a000 	C:\WINDOWS\System32\SHCORE.dll
0x00007ffe20b80000 - 0x00007ffe20bde000 	C:\WINDOWS\System32\shlwapi.dll
0x00007ffe1fa90000 - 0x00007ffe1fabb000 	C:\WINDOWS\SYSTEM32\profapi.dll
0x00007ffe0b4b0000 - 0x00007ffe0b4c8000 	c:\Users\Admin\.vscode\extensions\redhat.java-1.41.0-win32-x64\jre\21.0.6-win32-x86_64\bin\zip.dll
0x00007ffe0b810000 - 0x00007ffe0b820000 	C:\Users\Admin\.vscode\extensions\redhat.java-1.41.0-win32-x64\jre\21.0.6-win32-x86_64\bin\net.dll
0x00007ffe1c530000 - 0x00007ffe1c65c000 	C:\WINDOWS\SYSTEM32\WINHTTP.dll
0x00007ffe1f020000 - 0x00007ffe1f08a000 	C:\WINDOWS\system32\mswsock.dll
0x00007ffe0b430000 - 0x00007ffe0b446000 	C:\Users\Admin\.vscode\extensions\redhat.java-1.41.0-win32-x64\jre\21.0.6-win32-x86_64\bin\nio.dll
0x00007ffe0b770000 - 0x00007ffe0b780000 	c:\Users\Admin\.vscode\extensions\redhat.java-1.41.0-win32-x64\jre\21.0.6-win32-x86_64\bin\verify.dll
0x00007ffdfbdd0000 - 0x00007ffdfbe15000 	C:\Users\Admin\AppData\Roaming\Code\User\globalStorage\redhat.java\1.41.0\config_win\org.eclipse.equinox.launcher\org.eclipse.equinox.launcher.win32.win32.x86_64_1.2.1300.v20250325-0811\eclipse_11911.dll
0x00007ffe20800000 - 0x00007ffe209a1000 	C:\WINDOWS\System32\ole32.dll
0x00007ffe1f270000 - 0x00007ffe1f28b000 	C:\WINDOWS\SYSTEM32\CRYPTSP.dll
0x00007ffe1eb00000 - 0x00007ffe1eb35000 	C:\WINDOWS\system32\rsaenh.dll
0x00007ffe1f110000 - 0x00007ffe1f138000 	C:\WINDOWS\SYSTEM32\USERENV.dll
0x00007ffe1f290000 - 0x00007ffe1f29c000 	C:\WINDOWS\SYSTEM32\CRYPTBASE.dll
0x00007ffe1e620000 - 0x00007ffe1e64d000 	C:\WINDOWS\SYSTEM32\IPHLPAPI.DLL
0x00007ffe20d00000 - 0x00007ffe20d09000 	C:\WINDOWS\System32\NSI.dll
0x00007ffddfde0000 - 0x00007ffddfe29000 	C:\Users\Admin\AppData\Local\Temp\jna-63116079\jna4217612002428206346.dll
0x00007ffe206d0000 - 0x00007ffe206d8000 	C:\WINDOWS\System32\PSAPI.DLL
0x00007ffe1b5e0000 - 0x00007ffe1b5f9000 	C:\WINDOWS\SYSTEM32\dhcpcsvc6.DLL
0x00007ffe1b5c0000 - 0x00007ffe1b5df000 	C:\WINDOWS\SYSTEM32\dhcpcsvc.DLL
0x00007ffe1ecb0000 - 0x00007ffe1ece4000 	C:\WINDOWS\SYSTEM32\ntmarta.dll
0x00007ffe0cc60000 - 0x00007ffe0cc69000 	C:\Users\Admin\.vscode\extensions\redhat.java-1.41.0-win32-x64\jre\21.0.6-win32-x86_64\bin\extnet.dll
0x00007ffe0cc70000 - 0x00007ffe0cc7e000 	C:\Users\Admin\.vscode\extensions\redhat.java-1.41.0-win32-x64\jre\21.0.6-win32-x86_64\bin\sunmscapi.dll
0x00007ffe1ff40000 - 0x00007ffe200a6000 	C:\WINDOWS\System32\CRYPT32.dll
0x00007ffe1f480000 - 0x00007ffe1f4ad000 	C:\WINDOWS\SYSTEM32\ncrypt.dll
0x00007ffe1f440000 - 0x00007ffe1f477000 	C:\WINDOWS\SYSTEM32\NTASN1.dll
0x00007ffe1e690000 - 0x00007ffe1e792000 	C:\WINDOWS\SYSTEM32\DNSAPI.dll
0x00007ffe18ff0000 - 0x00007ffe18ffa000 	C:\Windows\System32\rasadhlp.dll
0x00007ffe1ae50000 - 0x00007ffe1aed3000 	C:\WINDOWS\System32\fwpuclnt.dll

dbghelp: loaded successfully - version: 4.0.5 - missing functions: none
symbol engine: initialized successfully - sym options: 0x614 - pdb path: .;c:\Users\Admin\.vscode\extensions\redhat.java-1.41.0-win32-x64\jre\21.0.6-win32-x86_64\bin;C:\WINDOWS\SYSTEM32;C:\WINDOWS\WinSxS\amd64_microsoft.windows.common-controls_6595b64144ccf1df_6.0.22621.4830_none_270fe7d773858e80;c:\Users\Admin\.vscode\extensions\redhat.java-1.41.0-win32-x64\jre\21.0.6-win32-x86_64\bin\server;C:\Users\Admin\AppData\Roaming\Code\User\globalStorage\redhat.java\1.41.0\config_win\org.eclipse.equinox.launcher\org.eclipse.equinox.launcher.win32.win32.x86_64_1.2.1300.v20250325-0811;C:\Users\Admin\AppData\Local\Temp\jna-63116079

VM Arguments:
jvm_args: --add-modules=ALL-SYSTEM --add-opens=java.base/java.util=ALL-UNNAMED --add-opens=java.base/java.lang=ALL-UNNAMED --add-opens=java.base/sun.nio.fs=ALL-UNNAMED -Declipse.application=org.eclipse.jdt.ls.core.id1 -Dosgi.bundles.defaultStartLevel=4 -Declipse.product=org.eclipse.jdt.ls.core.product -Djava.import.generatesMetadataFilesAtProjectRoot=false -DDetectVMInstallationsJob.disabled=true -Dfile.encoding=utf8 -XX:+UseParallelGC -XX:GCTimeRatio=4 -XX:AdaptiveSizePolicyWeight=90 -Dsun.zip.disableMemoryMapping=true -Xmx1G -Xms100m -Xlog:disable -javaagent:c:\Users\Admin\.vscode\extensions\redhat.java-1.41.0-win32-x64\lombok\lombok-1.18.36.jar -XX:+HeapDumpOnOutOfMemoryError -XX:HeapDumpPath=c:\Users\Admin\AppData\Roaming\Code\User\workspaceStorage\3bd2f60c6cbcdf5d2cf73495ba44fa48\redhat.java -Daether.dependencyCollector.impl=bf 
java_command: c:\Users\Admin\.vscode\extensions\redhat.java-1.41.0-win32-x64\server\plugins\org.eclipse.equinox.launcher_1.6.1100.v20250306-0509.jar -configuration c:\Users\Admin\AppData\Roaming\Code\User\globalStorage\redhat.java\1.41.0\config_win -data c:\Users\Admin\AppData\Roaming\Code\User\workspaceStorage\3bd2f60c6cbcdf5d2cf73495ba44fa48\redhat.java\jdt_ws --pipe=\\.\pipe\lsp-ce64873b2b387f80c344d09fdc1e2bae-sock
java_class_path (initial): c:\Users\Admin\.vscode\extensions\redhat.java-1.41.0-win32-x64\server\plugins\org.eclipse.equinox.launcher_1.6.1100.v20250306-0509.jar
Launcher Type: SUN_STANDARD

[Global flags]
    uintx AdaptiveSizePolicyWeight                 = 90                                        {product} {command line}
     intx CICompilerCount                          = 4                                         {product} {ergonomic}
    uintx GCTimeRatio                              = 4                                         {product} {command line}
     bool HeapDumpOnOutOfMemoryError               = true                                   {manageable} {command line}
    ccstr HeapDumpPath                             = c:\Users\Admin\AppData\Roaming\Code\User\workspaceStorage\3bd2f60c6cbcdf5d2cf73495ba44fa48\redhat.java         {manageable} {command line}
   size_t InitialHeapSize                          = 104857600                                 {product} {command line}
   size_t MaxHeapSize                              = 1073741824                                {product} {command line}
   size_t MaxNewSize                               = 357564416                                 {product} {ergonomic}
   size_t MinHeapDeltaBytes                        = 524288                                    {product} {ergonomic}
   size_t MinHeapSize                              = 104857600                                 {product} {command line}
   size_t NewSize                                  = 34603008                                  {product} {ergonomic}
    uintx NonNMethodCodeHeapSize                   = 5839372                                {pd product} {ergonomic}
    uintx NonProfiledCodeHeapSize                  = 122909434                              {pd product} {ergonomic}
   size_t OldSize                                  = 70254592                                  {product} {ergonomic}
    uintx ProfiledCodeHeapSize                     = 122909434                              {pd product} {ergonomic}
    uintx ReservedCodeCacheSize                    = 251658240                              {pd product} {ergonomic}
     bool SegmentedCodeCache                       = true                                      {product} {ergonomic}
   size_t SoftMaxHeapSize                          = 1073741824                             {manageable} {ergonomic}
     bool UseCompressedOops                        = true                           {product lp64_product} {ergonomic}
     bool UseLargePagesIndividualAllocation        = false                                  {pd product} {ergonomic}
     bool UseParallelGC                            = true                                      {product} {command line}

Logging:
Log output configuration:
 #0: stdout all=off uptime,level,tags foldmultilines=false
 #1: stderr all=off uptime,level,tags foldmultilines=false

Environment Variables:
PATH=C:\Python312\Scripts\;C:\Python312\;C:\Program Files\Common Files\Oracle\Java\javapath;C:\Program Files (x86)\VMware\VMware Workstation\bin\;C:\WINDOWS\system32;C:\WINDOWS;C:\WINDOWS\System32\Wbem;C:\WINDOWS\System32\WindowsPowerShell\v1.0\;C:\WINDOWS\System32\OpenSSH\;C:\Program Files\dotnet\;C:\Program Files (x86)\Windows Kits\10\Windows Performance Toolkit\;D:\sql\160\Tools\Binn\;C:\Program Files\Microsoft SQL Server\160\Tools\Binn\;C:\Program Files\Microsoft SQL Server\Client SDK\ODBC\170\Tools\Binn\;C:\Program Files\Microsoft SQL Server\160\DTS\Binn\;D:\sql\160\DTS\Binn\;C:\Program Files\Azure Data Studio\bin;C:\Program Files\nodejs\;C:\ProgramData\chocolatey\bin;E:\Java6\App Git\Git\bin;E:\Java6\App Git\Git\cmd;E:\Java6\Git\cmd;C:\Program Files\MySQL\MySQL Shell 8.0\bin\;C:\Users\Admin\.dotnet\tools;C:\Program Files\Azure Data Studio\bin;C:\Users\Admin\AppData\Roaming\npm;E:\Microsoft VS Code\bin
USERNAME=Admin
OS=Windows_NT
PROCESSOR_IDENTIFIER=Intel64 Family 6 Model 142 Stepping 12, GenuineIntel
TMP=C:\Users\Admin\AppData\Local\Temp
TEMP=C:\Users\Admin\AppData\Local\Temp




Periodic native trim disabled

---------------  S Y S T E M  ---------------

OS:
 Windows 11 , 64 bit Build 22621 (10.0.22621.4830)
OS uptime: 0 days 6:54 hours

CPU: total 8 (initial active 8) (4 cores per cpu, 2 threads per core) family 6 model 142 stepping 12 microcode 0xde, cx8, cmov, fxsr, ht, mmx, 3dnowpref, sse, sse2, sse3, ssse3, sse4.1, sse4.2, popcnt, lzcnt, tsc, tscinvbit, avx, avx2, aes, erms, clmul, bmi1, bmi2, adx, fma, vzeroupper, clflush, clflushopt, rdtscp, f16c
Processor Information for the first 8 processors :
  Max Mhz: 2112, Current Mhz: 1910, Mhz Limit: 1900

Memory: 4k page, system-wide physical 8002M (545M free)
TotalPageFile size 15058M (AvailPageFile size 90M)
current process WorkingSet (physical memory assigned to process): 662M, peak: 760M
current process commit charge ("private bytes"): 924M, peak: 949M

vm_info: OpenJDK 64-Bit Server VM (21.0.6+7-LTS) for windows-amd64 JRE (21.0.6+7-LTS), built on 2025-01-21T00:00:00Z by "admin" with MS VC++ 17.7 (VS2022)

END.
